2015-11-19 10:30:49,772 - Log4JLogChute initialized using file 'velocity.log'
2015-11-19 10:30:49,773 - Initializing Velocity, Calling init()...
2015-11-19 10:30:49,773 - Starting Apache Velocity v1.7 (compiled: 2010-11-19 12:14:37)
2015-11-19 10:30:49,773 - Default Properties File: org\apache\velocity\runtime\defaults\velocity.properties
2015-11-19 10:30:49,773 - Trying to use logger class org.apache.velocity.runtime.log.AvalonLogChute
2015-11-19 10:30:49,773 - Target log system for org.apache.velocity.runtime.log.AvalonLogChute is not available (java.lang.NoClassDefFoundError: org/apache/log/format/Formatter).  Falling back to next log system...
2015-11-19 10:30:49,773 - Trying to use logger class org.apache.velocity.runtime.log.Log4JLogChute
2015-11-19 10:30:49,773 - Using logger class org.apache.velocity.runtime.log.Log4JLogChute
2015-11-19 10:30:49,776 - ResourceLoader instantiated: org.apache.velocity.runtime.resource.loader.ClasspathResourceLoader
2015-11-19 10:30:49,800 - ResourceCache: initialized (class org.apache.velocity.runtime.resource.ResourceCacheImpl) with class java.util.Collections$SynchronizedMap cache map.
2015-11-19 10:30:49,801 - Loaded System Directive: org.apache.velocity.runtime.directive.Stop
2015-11-19 10:30:49,802 - Loaded System Directive: org.apache.velocity.runtime.directive.Define
2015-11-19 10:30:49,803 - Loaded System Directive: org.apache.velocity.runtime.directive.Break
2015-11-19 10:30:49,803 - Loaded System Directive: org.apache.velocity.runtime.directive.Evaluate
2015-11-19 10:30:49,804 - Loaded System Directive: org.apache.velocity.runtime.directive.Literal
2015-11-19 10:30:49,805 - Loaded System Directive: org.apache.velocity.runtime.directive.Macro
2015-11-19 10:30:49,806 - Loaded System Directive: org.apache.velocity.runtime.directive.Parse
2015-11-19 10:30:49,811 - Loaded System Directive: org.apache.velocity.runtime.directive.Include
2015-11-19 10:30:49,812 - Loaded System Directive: org.apache.velocity.runtime.directive.Foreach
2015-11-19 10:30:49,841 - Created '20' parsers.
2015-11-19 10:30:49,846 - Velocimacro : "velocimacro.library" is not set.  Trying default library: VM_global_library.vm
2015-11-19 10:30:49,846 - Could not load resource 'VM_global_library.vm' from ResourceLoader org.apache.velocity.runtime.resource.loader.ClasspathResourceLoader: ClasspathResourceLoader Error: cannot find resource VM_global_library.vm
2015-11-19 10:30:49,846 - Velocimacro : Default library not found.
2015-11-19 10:30:49,846 - Velocimacro : allowInline = true : VMs can be defined inline in templates
2015-11-19 10:30:49,846 - Velocimacro : allowInlineToOverride = false : VMs defined inline may NOT replace previous VM definitions
2015-11-19 10:30:49,846 - Velocimacro : allowInlineLocal = false : VMs defined inline will be global in scope if allowed.
2015-11-19 10:30:49,846 - Velocimacro : autoload off : VM system will not automatically reload global library macros
2015-11-19 10:30:49,853 - ResourceManager : found velocity/test.vm with loader org.apache.velocity.runtime.resource.loader.ClasspathResourceLoader
2015-11-19 10:40:21,997 - Log4JLogChute initialized using file 'velocity.log'
2015-11-19 10:40:21,997 - Initializing Velocity, Calling init()...
2015-11-19 10:40:21,997 - Starting Apache Velocity v1.7 (compiled: 2010-11-19 12:14:37)
2015-11-19 10:40:21,997 - Default Properties File: org\apache\velocity\runtime\defaults\velocity.properties
2015-11-19 10:40:21,997 - Trying to use logger class org.apache.velocity.runtime.log.AvalonLogChute
2015-11-19 10:40:21,997 - Target log system for org.apache.velocity.runtime.log.AvalonLogChute is not available (java.lang.NoClassDefFoundError: org/apache/log/format/Formatter).  Falling back to next log system...
2015-11-19 10:40:21,997 - Trying to use logger class org.apache.velocity.runtime.log.Log4JLogChute
2015-11-19 10:40:21,997 - Using logger class org.apache.velocity.runtime.log.Log4JLogChute
2015-11-19 10:40:21,997 - ResourceLoader instantiated: org.apache.velocity.runtime.resource.loader.ClasspathResourceLoader
2015-11-19 10:40:22,013 - ResourceCache: initialized (class org.apache.velocity.runtime.resource.ResourceCacheImpl) with class java.util.Collections$SynchronizedMap cache map.
2015-11-19 10:40:22,013 - Loaded System Directive: org.apache.velocity.runtime.directive.Stop
2015-11-19 10:40:22,013 - Loaded System Directive: org.apache.velocity.runtime.directive.Define
2015-11-19 10:40:22,013 - Loaded System Directive: org.apache.velocity.runtime.directive.Break
2015-11-19 10:40:22,013 - Loaded System Directive: org.apache.velocity.runtime.directive.Evaluate
2015-11-19 10:40:22,013 - Loaded System Directive: org.apache.velocity.runtime.directive.Literal
2015-11-19 10:40:22,013 - Loaded System Directive: org.apache.velocity.runtime.directive.Macro
2015-11-19 10:40:22,013 - Loaded System Directive: org.apache.velocity.runtime.directive.Parse
2015-11-19 10:40:22,013 - Loaded System Directive: org.apache.velocity.runtime.directive.Include
2015-11-19 10:40:22,028 - Loaded System Directive: org.apache.velocity.runtime.directive.Foreach
2015-11-19 10:40:22,044 - Created '20' parsers.
2015-11-19 10:40:22,059 - Velocimacro : "velocimacro.library" is not set.  Trying default library: VM_global_library.vm
2015-11-19 10:40:22,059 - Could not load resource 'VM_global_library.vm' from ResourceLoader org.apache.velocity.runtime.resource.loader.ClasspathResourceLoader: ClasspathResourceLoader Error: cannot find resource VM_global_library.vm
2015-11-19 10:40:22,059 - Velocimacro : Default library not found.
2015-11-19 10:40:22,059 - Velocimacro : allowInline = true : VMs can be defined inline in templates
2015-11-19 10:40:22,059 - Velocimacro : allowInlineToOverride = false : VMs defined inline may NOT replace previous VM definitions
2015-11-19 10:40:22,059 - Velocimacro : allowInlineLocal = false : VMs defined inline will be global in scope if allowed.
2015-11-19 10:40:22,059 - Velocimacro : autoload off : VM system will not automatically reload global library macros
2015-11-19 10:40:22,059 - ResourceManager : found velocity/test.vm with loader org.apache.velocity.runtime.resource.loader.ClasspathResourceLoader
2015-11-19 11:01:35,451 - Log4JLogChute initialized using file 'velocity.log'
2015-11-19 11:01:35,466 - Initializing Velocity, Calling init()...
2015-11-19 11:01:35,466 - Starting Apache Velocity v1.7 (compiled: 2010-11-19 12:14:37)
2015-11-19 11:01:35,466 - Default Properties File: org\apache\velocity\runtime\defaults\velocity.properties
2015-11-19 11:01:35,466 - Trying to use logger class org.apache.velocity.runtime.log.AvalonLogChute
2015-11-19 11:01:35,466 - Target log system for org.apache.velocity.runtime.log.AvalonLogChute is not available (java.lang.NoClassDefFoundError: org/apache/log/format/Formatter).  Falling back to next log system...
2015-11-19 11:01:35,466 - Trying to use logger class org.apache.velocity.runtime.log.Log4JLogChute
2015-11-19 11:01:35,466 - Using logger class org.apache.velocity.runtime.log.Log4JLogChute
2015-11-19 11:01:35,466 - ResourceLoader instantiated: org.apache.velocity.runtime.resource.loader.ClasspathResourceLoader
2015-11-19 11:01:35,482 - ResourceCache: initialized (class org.apache.velocity.runtime.resource.ResourceCacheImpl) with class java.util.Collections$SynchronizedMap cache map.
2015-11-19 11:01:35,482 - Loaded System Directive: org.apache.velocity.runtime.directive.Stop
2015-11-19 11:01:35,482 - Loaded System Directive: org.apache.velocity.runtime.directive.Define
2015-11-19 11:01:35,482 - Loaded System Directive: org.apache.velocity.runtime.directive.Break
2015-11-19 11:01:35,482 - Loaded System Directive: org.apache.velocity.runtime.directive.Evaluate
2015-11-19 11:01:35,482 - Loaded System Directive: org.apache.velocity.runtime.directive.Literal
2015-11-19 11:01:35,482 - Loaded System Directive: org.apache.velocity.runtime.directive.Macro
2015-11-19 11:01:35,482 - Loaded System Directive: org.apache.velocity.runtime.directive.Parse
2015-11-19 11:01:35,482 - Loaded System Directive: org.apache.velocity.runtime.directive.Include
2015-11-19 11:01:35,482 - Loaded System Directive: org.apache.velocity.runtime.directive.Foreach
2015-11-19 11:01:35,513 - Created '20' parsers.
2015-11-19 11:01:35,513 - Velocimacro : "velocimacro.library" is not set.  Trying default library: VM_global_library.vm
2015-11-19 11:01:35,513 - Could not load resource 'VM_global_library.vm' from ResourceLoader org.apache.velocity.runtime.resource.loader.ClasspathResourceLoader: ClasspathResourceLoader Error: cannot find resource VM_global_library.vm
2015-11-19 11:01:35,513 - Velocimacro : Default library not found.
2015-11-19 11:01:35,513 - Velocimacro : allowInline = true : VMs can be defined inline in templates
2015-11-19 11:01:35,513 - Velocimacro : allowInlineToOverride = false : VMs defined inline may NOT replace previous VM definitions
2015-11-19 11:01:35,529 - Velocimacro : allowInlineLocal = false : VMs defined inline will be global in scope if allowed.
2015-11-19 11:01:35,529 - Velocimacro : autoload off : VM system will not automatically reload global library macros
2015-11-19 11:01:35,529 - ResourceManager : found velocity/test.vm with loader org.apache.velocity.runtime.resource.loader.ClasspathResourceLoader
2015-11-19 11:09:07,897 - Log4JLogChute initialized using file 'velocity.log'
2015-11-19 11:09:07,897 - Initializing Velocity, Calling init()...
2015-11-19 11:09:07,897 - Starting Apache Velocity v1.7 (compiled: 2010-11-19 12:14:37)
2015-11-19 11:09:07,897 - Default Properties File: org\apache\velocity\runtime\defaults\velocity.properties
2015-11-19 11:09:07,897 - Trying to use logger class org.apache.velocity.runtime.log.AvalonLogChute
2015-11-19 11:09:07,897 - Target log system for org.apache.velocity.runtime.log.AvalonLogChute is not available (java.lang.NoClassDefFoundError: org/apache/log/format/Formatter).  Falling back to next log system...
2015-11-19 11:09:07,897 - Trying to use logger class org.apache.velocity.runtime.log.Log4JLogChute
2015-11-19 11:09:07,897 - Using logger class org.apache.velocity.runtime.log.Log4JLogChute
2015-11-19 11:09:07,900 - ResourceLoader instantiated: org.apache.velocity.runtime.resource.loader.ClasspathResourceLoader
2015-11-19 11:09:07,914 - ResourceCache: initialized (class org.apache.velocity.runtime.resource.ResourceCacheImpl) with class java.util.Collections$SynchronizedMap cache map.
2015-11-19 11:09:07,916 - Loaded System Directive: org.apache.velocity.runtime.directive.Stop
2015-11-19 11:09:07,917 - Loaded System Directive: org.apache.velocity.runtime.directive.Define
2015-11-19 11:09:07,917 - Loaded System Directive: org.apache.velocity.runtime.directive.Break
2015-11-19 11:09:07,918 - Loaded System Directive: org.apache.velocity.runtime.directive.Evaluate
2015-11-19 11:09:07,919 - Loaded System Directive: org.apache.velocity.runtime.directive.Literal
2015-11-19 11:09:07,925 - Loaded System Directive: org.apache.velocity.runtime.directive.Macro
2015-11-19 11:09:07,926 - Loaded System Directive: org.apache.velocity.runtime.directive.Parse
2015-11-19 11:09:07,927 - Loaded System Directive: org.apache.velocity.runtime.directive.Include
2015-11-19 11:09:07,928 - Loaded System Directive: org.apache.velocity.runtime.directive.Foreach
2015-11-19 11:09:07,960 - Created '20' parsers.
2015-11-19 11:09:07,966 - Velocimacro : "velocimacro.library" is not set.  Trying default library: VM_global_library.vm
2015-11-19 11:09:07,966 - Could not load resource 'VM_global_library.vm' from ResourceLoader org.apache.velocity.runtime.resource.loader.ClasspathResourceLoader: ClasspathResourceLoader Error: cannot find resource VM_global_library.vm
2015-11-19 11:09:07,966 - Velocimacro : Default library not found.
2015-11-19 11:09:07,966 - Velocimacro : allowInline = true : VMs can be defined inline in templates
2015-11-19 11:09:07,966 - Velocimacro : allowInlineToOverride = false : VMs defined inline may NOT replace previous VM definitions
2015-11-19 11:09:07,966 - Velocimacro : allowInlineLocal = false : VMs defined inline will be global in scope if allowed.
2015-11-19 11:09:07,966 - Velocimacro : autoload off : VM system will not automatically reload global library macros
2015-11-19 11:09:07,974 - ResourceManager : found velocity/test.vm with loader org.apache.velocity.runtime.resource.loader.ClasspathResourceLoader
2015-11-19 11:16:08,941 - Log4JLogChute initialized using file 'velocity.log'
2015-11-19 11:16:08,941 - Initializing Velocity, Calling init()...
2015-11-19 11:16:08,941 - Starting Apache Velocity v1.7 (compiled: 2010-11-19 12:14:37)
2015-11-19 11:16:08,941 - Default Properties File: org\apache\velocity\runtime\defaults\velocity.properties
2015-11-19 11:16:08,941 - Trying to use logger class org.apache.velocity.runtime.log.AvalonLogChute
2015-11-19 11:16:08,941 - Target log system for org.apache.velocity.runtime.log.AvalonLogChute is not available (java.lang.NoClassDefFoundError: org/apache/log/format/Formatter).  Falling back to next log system...
2015-11-19 11:16:08,941 - Trying to use logger class org.apache.velocity.runtime.log.Log4JLogChute
2015-11-19 11:16:08,941 - Using logger class org.apache.velocity.runtime.log.Log4JLogChute
2015-11-19 11:16:08,941 - ResourceLoader instantiated: org.apache.velocity.runtime.resource.loader.ClasspathResourceLoader
2015-11-19 11:16:08,957 - ResourceCache: initialized (class org.apache.velocity.runtime.resource.ResourceCacheImpl) with class java.util.Collections$SynchronizedMap cache map.
2015-11-19 11:16:08,957 - Loaded System Directive: org.apache.velocity.runtime.directive.Stop
2015-11-19 11:16:08,957 - Loaded System Directive: org.apache.velocity.runtime.directive.Define
2015-11-19 11:16:08,957 - Loaded System Directive: org.apache.velocity.runtime.directive.Break
2015-11-19 11:16:08,957 - Loaded System Directive: org.apache.velocity.runtime.directive.Evaluate
2015-11-19 11:16:08,957 - Loaded System Directive: org.apache.velocity.runtime.directive.Literal
2015-11-19 11:16:08,957 - Loaded System Directive: org.apache.velocity.runtime.directive.Macro
2015-11-19 11:16:08,957 - Loaded System Directive: org.apache.velocity.runtime.directive.Parse
2015-11-19 11:16:08,957 - Loaded System Directive: org.apache.velocity.runtime.directive.Include
2015-11-19 11:16:08,957 - Loaded System Directive: org.apache.velocity.runtime.directive.Foreach
2015-11-19 11:16:08,988 - Created '20' parsers.
2015-11-19 11:16:09,003 - Velocimacro : "velocimacro.library" is not set.  Trying default library: VM_global_library.vm
2015-11-19 11:16:09,003 - Could not load resource 'VM_global_library.vm' from ResourceLoader org.apache.velocity.runtime.resource.loader.ClasspathResourceLoader: ClasspathResourceLoader Error: cannot find resource VM_global_library.vm
2015-11-19 11:16:09,003 - Velocimacro : Default library not found.
2015-11-19 11:16:09,003 - Velocimacro : allowInline = true : VMs can be defined inline in templates
2015-11-19 11:16:09,003 - Velocimacro : allowInlineToOverride = false : VMs defined inline may NOT replace previous VM definitions
2015-11-19 11:16:09,003 - Velocimacro : allowInlineLocal = false : VMs defined inline will be global in scope if allowed.
2015-11-19 11:16:09,003 - Velocimacro : autoload off : VM system will not automatically reload global library macros
2015-11-19 11:16:09,003 - ResourceManager : found velocity/test.vm with loader org.apache.velocity.runtime.resource.loader.ClasspathResourceLoader
2015-11-19 11:25:50,502 - Log4JLogChute initialized using file 'velocity.log'
2015-11-19 11:25:50,502 - Initializing Velocity, Calling init()...
2015-11-19 11:25:50,502 - Starting Apache Velocity v1.7 (compiled: 2010-11-19 12:14:37)
2015-11-19 11:25:50,502 - Default Properties File: org\apache\velocity\runtime\defaults\velocity.properties
2015-11-19 11:25:50,502 - Trying to use logger class org.apache.velocity.runtime.log.AvalonLogChute
2015-11-19 11:25:50,502 - Target log system for org.apache.velocity.runtime.log.AvalonLogChute is not available (java.lang.NoClassDefFoundError: org/apache/log/format/Formatter).  Falling back to next log system...
2015-11-19 11:25:50,502 - Trying to use logger class org.apache.velocity.runtime.log.Log4JLogChute
2015-11-19 11:25:50,502 - Using logger class org.apache.velocity.runtime.log.Log4JLogChute
2015-11-19 11:25:50,502 - ResourceLoader instantiated: org.apache.velocity.runtime.resource.loader.ClasspathResourceLoader
2015-11-19 11:25:50,517 - ResourceCache: initialized (class org.apache.velocity.runtime.resource.ResourceCacheImpl) with class java.util.Collections$SynchronizedMap cache map.
2015-11-19 11:25:50,517 - Loaded System Directive: org.apache.velocity.runtime.directive.Stop
2015-11-19 11:25:50,517 - Loaded System Directive: org.apache.velocity.runtime.directive.Define
2015-11-19 11:25:50,517 - Loaded System Directive: org.apache.velocity.runtime.directive.Break
2015-11-19 11:25:50,517 - Loaded System Directive: org.apache.velocity.runtime.directive.Evaluate
2015-11-19 11:25:50,517 - Loaded System Directive: org.apache.velocity.runtime.directive.Literal
2015-11-19 11:25:50,517 - Loaded System Directive: org.apache.velocity.runtime.directive.Macro
2015-11-19 11:25:50,533 - Loaded System Directive: org.apache.velocity.runtime.directive.Parse
2015-11-19 11:25:50,533 - Loaded System Directive: org.apache.velocity.runtime.directive.Include
2015-11-19 11:25:50,533 - Loaded System Directive: org.apache.velocity.runtime.directive.Foreach
2015-11-19 11:25:50,564 - Created '20' parsers.
2015-11-19 11:25:50,564 - Velocimacro : "velocimacro.library" is not set.  Trying default library: VM_global_library.vm
2015-11-19 11:25:50,564 - Could not load resource 'VM_global_library.vm' from ResourceLoader org.apache.velocity.runtime.resource.loader.ClasspathResourceLoader: ClasspathResourceLoader Error: cannot find resource VM_global_library.vm
2015-11-19 11:25:50,564 - Velocimacro : Default library not found.
2015-11-19 11:25:50,564 - Velocimacro : allowInline = true : VMs can be defined inline in templates
2015-11-19 11:25:50,564 - Velocimacro : allowInlineToOverride = false : VMs defined inline may NOT replace previous VM definitions
2015-11-19 11:25:50,564 - Velocimacro : allowInlineLocal = false : VMs defined inline will be global in scope if allowed.
2015-11-19 11:25:50,564 - Velocimacro : autoload off : VM system will not automatically reload global library macros
2015-11-19 11:25:50,580 - ResourceManager : found velocity/test.vm with loader org.apache.velocity.runtime.resource.loader.ClasspathResourceLoader
2015-11-19 11:29:03,272 - Log4JLogChute initialized using file 'velocity.log'
2015-11-19 11:29:03,272 - Initializing Velocity, Calling init()...
2015-11-19 11:29:03,272 - Starting Apache Velocity v1.7 (compiled: 2010-11-19 12:14:37)
2015-11-19 11:29:03,272 - Default Properties File: org\apache\velocity\runtime\defaults\velocity.properties
2015-11-19 11:29:03,272 - Trying to use logger class org.apache.velocity.runtime.log.AvalonLogChute
2015-11-19 11:29:03,272 - Target log system for org.apache.velocity.runtime.log.AvalonLogChute is not available (java.lang.NoClassDefFoundError: org/apache/log/format/Formatter).  Falling back to next log system...
2015-11-19 11:29:03,272 - Trying to use logger class org.apache.velocity.runtime.log.Log4JLogChute
2015-11-19 11:29:03,272 - Using logger class org.apache.velocity.runtime.log.Log4JLogChute
2015-11-19 11:29:03,272 - ResourceLoader instantiated: org.apache.velocity.runtime.resource.loader.ClasspathResourceLoader
2015-11-19 11:29:03,287 - ResourceCache: initialized (class org.apache.velocity.runtime.resource.ResourceCacheImpl) with class java.util.Collections$SynchronizedMap cache map.
2015-11-19 11:29:03,287 - Loaded System Directive: org.apache.velocity.runtime.directive.Stop
2015-11-19 11:29:03,287 - Loaded System Directive: org.apache.velocity.runtime.directive.Define
2015-11-19 11:29:03,287 - Loaded System Directive: org.apache.velocity.runtime.directive.Break
2015-11-19 11:29:03,287 - Loaded System Directive: org.apache.velocity.runtime.directive.Evaluate
2015-11-19 11:29:03,287 - Loaded System Directive: org.apache.velocity.runtime.directive.Literal
2015-11-19 11:29:03,287 - Loaded System Directive: org.apache.velocity.runtime.directive.Macro
2015-11-19 11:29:03,303 - Loaded System Directive: org.apache.velocity.runtime.directive.Parse
2015-11-19 11:29:03,303 - Loaded System Directive: org.apache.velocity.runtime.directive.Include
2015-11-19 11:29:03,303 - Loaded System Directive: org.apache.velocity.runtime.directive.Foreach
2015-11-19 11:29:03,334 - Created '20' parsers.
2015-11-19 11:29:03,334 - Velocimacro : "velocimacro.library" is not set.  Trying default library: VM_global_library.vm
2015-11-19 11:29:03,334 - Could not load resource 'VM_global_library.vm' from ResourceLoader org.apache.velocity.runtime.resource.loader.ClasspathResourceLoader: ClasspathResourceLoader Error: cannot find resource VM_global_library.vm
2015-11-19 11:29:03,334 - Velocimacro : Default library not found.
2015-11-19 11:29:03,334 - Velocimacro : allowInline = true : VMs can be defined inline in templates
2015-11-19 11:29:03,334 - Velocimacro : allowInlineToOverride = false : VMs defined inline may NOT replace previous VM definitions
2015-11-19 11:29:03,334 - Velocimacro : allowInlineLocal = false : VMs defined inline will be global in scope if allowed.
2015-11-19 11:29:03,334 - Velocimacro : autoload off : VM system will not automatically reload global library macros
2015-11-19 11:29:03,350 - ResourceManager : found velocity/test.vm with loader org.apache.velocity.runtime.resource.loader.ClasspathResourceLoader
2015-11-19 11:31:36,969 - Log4JLogChute initialized using file 'velocity.log'
2015-11-19 11:31:36,969 - Initializing Velocity, Calling init()...
2015-11-19 11:31:36,969 - Starting Apache Velocity v1.7 (compiled: 2010-11-19 12:14:37)
2015-11-19 11:31:36,969 - Default Properties File: org\apache\velocity\runtime\defaults\velocity.properties
2015-11-19 11:31:36,969 - Trying to use logger class org.apache.velocity.runtime.log.AvalonLogChute
2015-11-19 11:31:36,969 - Target log system for org.apache.velocity.runtime.log.AvalonLogChute is not available (java.lang.NoClassDefFoundError: org/apache/log/format/Formatter).  Falling back to next log system...
2015-11-19 11:31:36,969 - Trying to use logger class org.apache.velocity.runtime.log.Log4JLogChute
2015-11-19 11:31:36,969 - Using logger class org.apache.velocity.runtime.log.Log4JLogChute
2015-11-19 11:31:36,969 - ResourceLoader instantiated: org.apache.velocity.runtime.resource.loader.ClasspathResourceLoader
2015-11-19 11:31:36,985 - ResourceCache: initialized (class org.apache.velocity.runtime.resource.ResourceCacheImpl) with class java.util.Collections$SynchronizedMap cache map.
2015-11-19 11:31:36,985 - Loaded System Directive: org.apache.velocity.runtime.directive.Stop
2015-11-19 11:31:36,985 - Loaded System Directive: org.apache.velocity.runtime.directive.Define
2015-11-19 11:31:36,985 - Loaded System Directive: org.apache.velocity.runtime.directive.Break
2015-11-19 11:31:36,985 - Loaded System Directive: org.apache.velocity.runtime.directive.Evaluate
2015-11-19 11:31:36,985 - Loaded System Directive: org.apache.velocity.runtime.directive.Literal
2015-11-19 11:31:37,001 - Loaded System Directive: org.apache.velocity.runtime.directive.Macro
2015-11-19 11:31:37,001 - Loaded System Directive: org.apache.velocity.runtime.directive.Parse
2015-11-19 11:31:37,001 - Loaded System Directive: org.apache.velocity.runtime.directive.Include
2015-11-19 11:31:37,001 - Loaded System Directive: org.apache.velocity.runtime.directive.Foreach
2015-11-19 11:31:37,032 - Created '20' parsers.
2015-11-19 11:31:37,032 - Velocimacro : "velocimacro.library" is not set.  Trying default library: VM_global_library.vm
2015-11-19 11:31:37,032 - Could not load resource 'VM_global_library.vm' from ResourceLoader org.apache.velocity.runtime.resource.loader.ClasspathResourceLoader: ClasspathResourceLoader Error: cannot find resource VM_global_library.vm
2015-11-19 11:31:37,032 - Velocimacro : Default library not found.
2015-11-19 11:31:37,032 - Velocimacro : allowInline = true : VMs can be defined inline in templates
2015-11-19 11:31:37,032 - Velocimacro : allowInlineToOverride = false : VMs defined inline may NOT replace previous VM definitions
2015-11-19 11:31:37,032 - Velocimacro : allowInlineLocal = false : VMs defined inline will be global in scope if allowed.
2015-11-19 11:31:37,032 - Velocimacro : autoload off : VM system will not automatically reload global library macros
2015-11-19 11:31:37,047 - ResourceManager : found velocity/test.vm with loader org.apache.velocity.runtime.resource.loader.ClasspathResourceLoader
2015-11-19 11:33:55,291 - Log4JLogChute initialized using file 'velocity.log'
2015-11-19 11:33:55,307 - Initializing Velocity, Calling init()...
2015-11-19 11:33:55,307 - Starting Apache Velocity v1.7 (compiled: 2010-11-19 12:14:37)
2015-11-19 11:33:55,307 - Default Properties File: org\apache\velocity\runtime\defaults\velocity.properties
2015-11-19 11:33:55,307 - Trying to use logger class org.apache.velocity.runtime.log.AvalonLogChute
2015-11-19 11:33:55,307 - Target log system for org.apache.velocity.runtime.log.AvalonLogChute is not available (java.lang.NoClassDefFoundError: org/apache/log/format/Formatter).  Falling back to next log system...
2015-11-19 11:33:55,307 - Trying to use logger class org.apache.velocity.runtime.log.Log4JLogChute
2015-11-19 11:33:55,307 - Using logger class org.apache.velocity.runtime.log.Log4JLogChute
2015-11-19 11:33:55,322 - ResourceLoader instantiated: org.apache.velocity.runtime.resource.loader.ClasspathResourceLoader
2015-11-19 11:33:55,322 - ResourceCache: initialized (class org.apache.velocity.runtime.resource.ResourceCacheImpl) with class java.util.Collections$SynchronizedMap cache map.
2015-11-19 11:33:55,338 - Loaded System Directive: org.apache.velocity.runtime.directive.Stop
2015-11-19 11:33:55,338 - Loaded System Directive: org.apache.velocity.runtime.directive.Define
2015-11-19 11:33:55,338 - Loaded System Directive: org.apache.velocity.runtime.directive.Break
2015-11-19 11:33:55,338 - Loaded System Directive: org.apache.velocity.runtime.directive.Evaluate
2015-11-19 11:33:55,338 - Loaded System Directive: org.apache.velocity.runtime.directive.Literal
2015-11-19 11:33:55,338 - Loaded System Directive: org.apache.velocity.runtime.directive.Macro
2015-11-19 11:33:55,338 - Loaded System Directive: org.apache.velocity.runtime.directive.Parse
2015-11-19 11:33:55,338 - Loaded System Directive: org.apache.velocity.runtime.directive.Include
2015-11-19 11:33:55,338 - Loaded System Directive: org.apache.velocity.runtime.directive.Foreach
2015-11-19 11:33:55,385 - Created '20' parsers.
2015-11-19 11:33:55,385 - Velocimacro : "velocimacro.library" is not set.  Trying default library: VM_global_library.vm
2015-11-19 11:33:55,385 - Could not load resource 'VM_global_library.vm' from ResourceLoader org.apache.velocity.runtime.resource.loader.ClasspathResourceLoader: ClasspathResourceLoader Error: cannot find resource VM_global_library.vm
2015-11-19 11:33:55,385 - Velocimacro : Default library not found.
2015-11-19 11:33:55,385 - Velocimacro : allowInline = true : VMs can be defined inline in templates
2015-11-19 11:33:55,385 - Velocimacro : allowInlineToOverride = false : VMs defined inline may NOT replace previous VM definitions
2015-11-19 11:33:55,385 - Velocimacro : allowInlineLocal = false : VMs defined inline will be global in scope if allowed.
2015-11-19 11:33:55,385 - Velocimacro : autoload off : VM system will not automatically reload global library macros
2015-11-19 11:33:55,385 - ResourceManager : found velocity/test.vm with loader org.apache.velocity.runtime.resource.loader.ClasspathResourceLoader
2015-11-19 11:34:34,390 - Log4JLogChute initialized using file 'velocity.log'
2015-11-19 11:34:34,390 - Initializing Velocity, Calling init()...
2015-11-19 11:34:34,406 - Starting Apache Velocity v1.7 (compiled: 2010-11-19 12:14:37)
2015-11-19 11:34:34,406 - Default Properties File: org\apache\velocity\runtime\defaults\velocity.properties
2015-11-19 11:34:34,406 - Trying to use logger class org.apache.velocity.runtime.log.AvalonLogChute
2015-11-19 11:34:34,406 - Target log system for org.apache.velocity.runtime.log.AvalonLogChute is not available (java.lang.NoClassDefFoundError: org/apache/log/format/Formatter).  Falling back to next log system...
2015-11-19 11:34:34,406 - Trying to use logger class org.apache.velocity.runtime.log.Log4JLogChute
2015-11-19 11:34:34,406 - Using logger class org.apache.velocity.runtime.log.Log4JLogChute
2015-11-19 11:34:34,406 - ResourceLoader instantiated: org.apache.velocity.runtime.resource.loader.ClasspathResourceLoader
2015-11-19 11:34:34,421 - ResourceCache: initialized (class org.apache.velocity.runtime.resource.ResourceCacheImpl) with class java.util.Collections$SynchronizedMap cache map.
2015-11-19 11:34:34,421 - Loaded System Directive: org.apache.velocity.runtime.directive.Stop
2015-11-19 11:34:34,421 - Loaded System Directive: org.apache.velocity.runtime.directive.Define
2015-11-19 11:34:34,421 - Loaded System Directive: org.apache.velocity.runtime.directive.Break
2015-11-19 11:34:34,421 - Loaded System Directive: org.apache.velocity.runtime.directive.Evaluate
2015-11-19 11:34:34,421 - Loaded System Directive: org.apache.velocity.runtime.directive.Literal
2015-11-19 11:34:34,421 - Loaded System Directive: org.apache.velocity.runtime.directive.Macro
2015-11-19 11:34:34,421 - Loaded System Directive: org.apache.velocity.runtime.directive.Parse
2015-11-19 11:34:34,421 - Loaded System Directive: org.apache.velocity.runtime.directive.Include
2015-11-19 11:34:34,421 - Loaded System Directive: org.apache.velocity.runtime.directive.Foreach
2015-11-19 11:34:34,453 - Created '20' parsers.
2015-11-19 11:34:34,468 - Velocimacro : "velocimacro.library" is not set.  Trying default library: VM_global_library.vm
2015-11-19 11:34:34,468 - Could not load resource 'VM_global_library.vm' from ResourceLoader org.apache.velocity.runtime.resource.loader.ClasspathResourceLoader: ClasspathResourceLoader Error: cannot find resource VM_global_library.vm
2015-11-19 11:34:34,468 - Velocimacro : Default library not found.
2015-11-19 11:34:34,468 - Velocimacro : allowInline = true : VMs can be defined inline in templates
2015-11-19 11:34:34,468 - Velocimacro : allowInlineToOverride = false : VMs defined inline may NOT replace previous VM definitions
2015-11-19 11:34:34,468 - Velocimacro : allowInlineLocal = false : VMs defined inline will be global in scope if allowed.
2015-11-19 11:34:34,468 - Velocimacro : autoload off : VM system will not automatically reload global library macros
2015-11-19 11:34:34,468 - ResourceManager : found velocity/test.vm with loader org.apache.velocity.runtime.resource.loader.ClasspathResourceLoader
2015-11-19 11:35:29,380 - Log4JLogChute initialized using file 'velocity.log'
2015-11-19 11:35:29,411 - Initializing Velocity, Calling init()...
2015-11-19 11:35:29,411 - Starting Apache Velocity v1.7 (compiled: 2010-11-19 12:14:37)
2015-11-19 11:35:29,411 - Default Properties File: org\apache\velocity\runtime\defaults\velocity.properties
2015-11-19 11:35:29,411 - Trying to use logger class org.apache.velocity.runtime.log.AvalonLogChute
2015-11-19 11:35:29,411 - Target log system for org.apache.velocity.runtime.log.AvalonLogChute is not available (java.lang.NoClassDefFoundError: org/apache/log/format/Formatter).  Falling back to next log system...
2015-11-19 11:35:29,411 - Trying to use logger class org.apache.velocity.runtime.log.Log4JLogChute
2015-11-19 11:35:29,411 - Using logger class org.apache.velocity.runtime.log.Log4JLogChute
2015-11-19 11:35:29,411 - ResourceLoader instantiated: org.apache.velocity.runtime.resource.loader.ClasspathResourceLoader
2015-11-19 11:35:29,411 - ResourceCache: initialized (class org.apache.velocity.runtime.resource.ResourceCacheImpl) with class java.util.Collections$SynchronizedMap cache map.
2015-11-19 11:35:29,427 - Loaded System Directive: org.apache.velocity.runtime.directive.Stop
2015-11-19 11:35:29,427 - Loaded System Directive: org.apache.velocity.runtime.directive.Define
2015-11-19 11:35:29,427 - Loaded System Directive: org.apache.velocity.runtime.directive.Break
2015-11-19 11:35:29,427 - Loaded System Directive: org.apache.velocity.runtime.directive.Evaluate
2015-11-19 11:35:29,427 - Loaded System Directive: org.apache.velocity.runtime.directive.Literal
2015-11-19 11:35:29,427 - Loaded System Directive: org.apache.velocity.runtime.directive.Macro
2015-11-19 11:35:29,427 - Loaded System Directive: org.apache.velocity.runtime.directive.Parse
2015-11-19 11:35:29,427 - Loaded System Directive: org.apache.velocity.runtime.directive.Include
2015-11-19 11:35:29,427 - Loaded System Directive: org.apache.velocity.runtime.directive.Foreach
2015-11-19 11:35:29,458 - Created '20' parsers.
2015-11-19 11:35:29,458 - Velocimacro : "velocimacro.library" is not set.  Trying default library: VM_global_library.vm
2015-11-19 11:35:29,458 - Could not load resource 'VM_global_library.vm' from ResourceLoader org.apache.velocity.runtime.resource.loader.ClasspathResourceLoader: ClasspathResourceLoader Error: cannot find resource VM_global_library.vm
2015-11-19 11:35:29,458 - Velocimacro : Default library not found.
2015-11-19 11:35:29,458 - Velocimacro : allowInline = true : VMs can be defined inline in templates
2015-11-19 11:35:29,458 - Velocimacro : allowInlineToOverride = false : VMs defined inline may NOT replace previous VM definitions
2015-11-19 11:35:29,458 - Velocimacro : allowInlineLocal = false : VMs defined inline will be global in scope if allowed.
2015-11-19 11:35:29,458 - Velocimacro : autoload off : VM system will not automatically reload global library macros
2015-11-19 11:35:29,474 - ResourceManager : found velocity/test.vm with loader org.apache.velocity.runtime.resource.loader.ClasspathResourceLoader
2015-11-19 11:41:59,736 - Log4JLogChute initialized using file 'velocity.log'
2015-11-19 11:41:59,759 - Initializing Velocity, Calling init()...
2015-11-19 11:41:59,759 - Starting Apache Velocity v1.7 (compiled: 2010-11-19 12:14:37)
2015-11-19 11:41:59,759 - Default Properties File: org\apache\velocity\runtime\defaults\velocity.properties
2015-11-19 11:41:59,759 - Trying to use logger class org.apache.velocity.runtime.log.AvalonLogChute
2015-11-19 11:41:59,759 - Target log system for org.apache.velocity.runtime.log.AvalonLogChute is not available (java.lang.NoClassDefFoundError: org/apache/log/format/Formatter).  Falling back to next log system...
2015-11-19 11:41:59,759 - Trying to use logger class org.apache.velocity.runtime.log.Log4JLogChute
2015-11-19 11:41:59,759 - Using logger class org.apache.velocity.runtime.log.Log4JLogChute
2015-11-19 11:41:59,762 - ResourceLoader instantiated: org.apache.velocity.runtime.resource.loader.ClasspathResourceLoader
2015-11-19 11:41:59,774 - ResourceCache: initialized (class org.apache.velocity.runtime.resource.ResourceCacheImpl) with class java.util.Collections$SynchronizedMap cache map.
2015-11-19 11:41:59,777 - Loaded System Directive: org.apache.velocity.runtime.directive.Stop
2015-11-19 11:41:59,778 - Loaded System Directive: org.apache.velocity.runtime.directive.Define
2015-11-19 11:41:59,779 - Loaded System Directive: org.apache.velocity.runtime.directive.Break
2015-11-19 11:41:59,779 - Loaded System Directive: org.apache.velocity.runtime.directive.Evaluate
2015-11-19 11:41:59,780 - Loaded System Directive: org.apache.velocity.runtime.directive.Literal
2015-11-19 11:41:59,781 - Loaded System Directive: org.apache.velocity.runtime.directive.Macro
2015-11-19 11:41:59,786 - Loaded System Directive: org.apache.velocity.runtime.directive.Parse
2015-11-19 11:41:59,788 - Loaded System Directive: org.apache.velocity.runtime.directive.Include
2015-11-19 11:41:59,789 - Loaded System Directive: org.apache.velocity.runtime.directive.Foreach
2015-11-19 11:41:59,820 - Created '20' parsers.
2015-11-19 11:41:59,825 - Velocimacro : "velocimacro.library" is not set.  Trying default library: VM_global_library.vm
2015-11-19 11:41:59,825 - Could not load resource 'VM_global_library.vm' from ResourceLoader org.apache.velocity.runtime.resource.loader.ClasspathResourceLoader: ClasspathResourceLoader Error: cannot find resource VM_global_library.vm
2015-11-19 11:41:59,825 - Velocimacro : Default library not found.
2015-11-19 11:41:59,825 - Velocimacro : allowInline = true : VMs can be defined inline in templates
2015-11-19 11:41:59,825 - Velocimacro : allowInlineToOverride = false : VMs defined inline may NOT replace previous VM definitions
2015-11-19 11:41:59,825 - Velocimacro : allowInlineLocal = false : VMs defined inline will be global in scope if allowed.
2015-11-19 11:41:59,825 - Velocimacro : autoload off : VM system will not automatically reload global library macros
2015-11-19 11:41:59,834 - ResourceManager : found velocity/test.vm with loader org.apache.velocity.runtime.resource.loader.ClasspathResourceLoader
2015-11-19 11:42:39,549 - Log4JLogChute initialized using file 'velocity.log'
2015-11-19 11:42:39,549 - Initializing Velocity, Calling init()...
2015-11-19 11:42:39,549 - Starting Apache Velocity v1.7 (compiled: 2010-11-19 12:14:37)
2015-11-19 11:42:39,549 - Default Properties File: org\apache\velocity\runtime\defaults\velocity.properties
2015-11-19 11:42:39,549 - Trying to use logger class org.apache.velocity.runtime.log.AvalonLogChute
2015-11-19 11:42:39,549 - Target log system for org.apache.velocity.runtime.log.AvalonLogChute is not available (java.lang.NoClassDefFoundError: org/apache/log/format/Formatter).  Falling back to next log system...
2015-11-19 11:42:39,549 - Trying to use logger class org.apache.velocity.runtime.log.Log4JLogChute
2015-11-19 11:42:39,549 - Using logger class org.apache.velocity.runtime.log.Log4JLogChute
2015-11-19 11:42:39,549 - ResourceLoader instantiated: org.apache.velocity.runtime.resource.loader.ClasspathResourceLoader
2015-11-19 11:42:39,565 - ResourceCache: initialized (class org.apache.velocity.runtime.resource.ResourceCacheImpl) with class java.util.Collections$SynchronizedMap cache map.
2015-11-19 11:42:39,565 - Loaded System Directive: org.apache.velocity.runtime.directive.Stop
2015-11-19 11:42:39,565 - Loaded System Directive: org.apache.velocity.runtime.directive.Define
2015-11-19 11:42:39,580 - Loaded System Directive: org.apache.velocity.runtime.directive.Break
2015-11-19 11:42:39,580 - Loaded System Directive: org.apache.velocity.runtime.directive.Evaluate
2015-11-19 11:42:39,580 - Loaded System Directive: org.apache.velocity.runtime.directive.Literal
2015-11-19 11:42:39,580 - Loaded System Directive: org.apache.velocity.runtime.directive.Macro
2015-11-19 11:42:39,580 - Loaded System Directive: org.apache.velocity.runtime.directive.Parse
2015-11-19 11:42:39,580 - Loaded System Directive: org.apache.velocity.runtime.directive.Include
2015-11-19 11:42:39,580 - Loaded System Directive: org.apache.velocity.runtime.directive.Foreach
2015-11-19 11:42:39,611 - Created '20' parsers.
2015-11-19 11:42:39,611 - Velocimacro : "velocimacro.library" is not set.  Trying default library: VM_global_library.vm
2015-11-19 11:42:39,611 - Could not load resource 'VM_global_library.vm' from ResourceLoader org.apache.velocity.runtime.resource.loader.ClasspathResourceLoader: ClasspathResourceLoader Error: cannot find resource VM_global_library.vm
2015-11-19 11:42:39,611 - Velocimacro : Default library not found.
2015-11-19 11:42:39,611 - Velocimacro : allowInline = true : VMs can be defined inline in templates
2015-11-19 11:42:39,611 - Velocimacro : allowInlineToOverride = false : VMs defined inline may NOT replace previous VM definitions
2015-11-19 11:42:39,611 - Velocimacro : allowInlineLocal = false : VMs defined inline will be global in scope if allowed.
2015-11-19 11:42:39,611 - Velocimacro : autoload off : VM system will not automatically reload global library macros
2015-11-19 11:42:39,627 - ResourceManager : found velocity/test.vm with loader org.apache.velocity.runtime.resource.loader.ClasspathResourceLoader
2015-11-19 11:45:49,317 - Log4JLogChute initialized using file 'velocity.log'
2015-11-19 11:45:49,317 - Initializing Velocity, Calling init()...
2015-11-19 11:45:49,317 - Starting Apache Velocity v1.7 (compiled: 2010-11-19 12:14:37)
2015-11-19 11:45:49,317 - Default Properties File: org\apache\velocity\runtime\defaults\velocity.properties
2015-11-19 11:45:49,317 - Trying to use logger class org.apache.velocity.runtime.log.AvalonLogChute
2015-11-19 11:45:49,317 - Target log system for org.apache.velocity.runtime.log.AvalonLogChute is not available (java.lang.NoClassDefFoundError: org/apache/log/format/Formatter).  Falling back to next log system...
2015-11-19 11:45:49,317 - Trying to use logger class org.apache.velocity.runtime.log.Log4JLogChute
2015-11-19 11:45:49,317 - Using logger class org.apache.velocity.runtime.log.Log4JLogChute
2015-11-19 11:45:49,317 - ResourceLoader instantiated: org.apache.velocity.runtime.resource.loader.ClasspathResourceLoader
2015-11-19 11:45:49,333 - ResourceCache: initialized (class org.apache.velocity.runtime.resource.ResourceCacheImpl) with class java.util.Collections$SynchronizedMap cache map.
2015-11-19 11:45:49,333 - Loaded System Directive: org.apache.velocity.runtime.directive.Stop
2015-11-19 11:45:49,333 - Loaded System Directive: org.apache.velocity.runtime.directive.Define
2015-11-19 11:45:49,333 - Loaded System Directive: org.apache.velocity.runtime.directive.Break
2015-11-19 11:45:49,333 - Loaded System Directive: org.apache.velocity.runtime.directive.Evaluate
2015-11-19 11:45:49,333 - Loaded System Directive: org.apache.velocity.runtime.directive.Literal
2015-11-19 11:45:49,348 - Loaded System Directive: org.apache.velocity.runtime.directive.Macro
2015-11-19 11:45:49,348 - Loaded System Directive: org.apache.velocity.runtime.directive.Parse
2015-11-19 11:45:49,348 - Loaded System Directive: org.apache.velocity.runtime.directive.Include
2015-11-19 11:45:49,348 - Loaded System Directive: org.apache.velocity.runtime.directive.Foreach
2015-11-19 11:45:49,381 - Created '20' parsers.
2015-11-19 11:45:49,381 - Velocimacro : "velocimacro.library" is not set.  Trying default library: VM_global_library.vm
2015-11-19 11:45:49,381 - Could not load resource 'VM_global_library.vm' from ResourceLoader org.apache.velocity.runtime.resource.loader.ClasspathResourceLoader: ClasspathResourceLoader Error: cannot find resource VM_global_library.vm
2015-11-19 11:45:49,381 - Velocimacro : Default library not found.
2015-11-19 11:45:49,381 - Velocimacro : allowInline = true : VMs can be defined inline in templates
2015-11-19 11:45:49,381 - Velocimacro : allowInlineToOverride = false : VMs defined inline may NOT replace previous VM definitions
2015-11-19 11:45:49,381 - Velocimacro : allowInlineLocal = false : VMs defined inline will be global in scope if allowed.
2015-11-19 11:45:49,381 - Velocimacro : autoload off : VM system will not automatically reload global library macros
2015-11-19 11:45:49,381 - ResourceManager : found velocity/test.vm with loader org.apache.velocity.runtime.resource.loader.ClasspathResourceLoader
2015-11-19 11:47:14,590 - Log4JLogChute initialized using file 'velocity.log'
2015-11-19 11:47:14,590 - Initializing Velocity, Calling init()...
2015-11-19 11:47:14,590 - Starting Apache Velocity v1.7 (compiled: 2010-11-19 12:14:37)
2015-11-19 11:47:14,590 - Default Properties File: org\apache\velocity\runtime\defaults\velocity.properties
2015-11-19 11:47:14,590 - Trying to use logger class org.apache.velocity.runtime.log.AvalonLogChute
2015-11-19 11:47:14,590 - Target log system for org.apache.velocity.runtime.log.AvalonLogChute is not available (java.lang.NoClassDefFoundError: org/apache/log/format/Formatter).  Falling back to next log system...
2015-11-19 11:47:14,590 - Trying to use logger class org.apache.velocity.runtime.log.Log4JLogChute
2015-11-19 11:47:14,590 - Using logger class org.apache.velocity.runtime.log.Log4JLogChute
2015-11-19 11:47:14,590 - ResourceLoader instantiated: org.apache.velocity.runtime.resource.loader.ClasspathResourceLoader
2015-11-19 11:47:14,605 - ResourceCache: initialized (class org.apache.velocity.runtime.resource.ResourceCacheImpl) with class java.util.Collections$SynchronizedMap cache map.
2015-11-19 11:47:14,605 - Loaded System Directive: org.apache.velocity.runtime.directive.Stop
2015-11-19 11:47:14,621 - Loaded System Directive: org.apache.velocity.runtime.directive.Define
2015-11-19 11:47:14,621 - Loaded System Directive: org.apache.velocity.runtime.directive.Break
2015-11-19 11:47:14,621 - Loaded System Directive: org.apache.velocity.runtime.directive.Evaluate
2015-11-19 11:47:14,621 - Loaded System Directive: org.apache.velocity.runtime.directive.Literal
2015-11-19 11:47:14,621 - Loaded System Directive: org.apache.velocity.runtime.directive.Macro
2015-11-19 11:47:14,621 - Loaded System Directive: org.apache.velocity.runtime.directive.Parse
2015-11-19 11:47:14,621 - Loaded System Directive: org.apache.velocity.runtime.directive.Include
2015-11-19 11:47:14,621 - Loaded System Directive: org.apache.velocity.runtime.directive.Foreach
2015-11-19 11:47:14,652 - Created '20' parsers.
2015-11-19 11:47:14,668 - Velocimacro : "velocimacro.library" is not set.  Trying default library: VM_global_library.vm
2015-11-19 11:47:14,668 - Could not load resource 'VM_global_library.vm' from ResourceLoader org.apache.velocity.runtime.resource.loader.ClasspathResourceLoader: ClasspathResourceLoader Error: cannot find resource VM_global_library.vm
2015-11-19 11:47:14,668 - Velocimacro : Default library not found.
2015-11-19 11:47:14,668 - Velocimacro : allowInline = true : VMs can be defined inline in templates
2015-11-19 11:47:14,668 - Velocimacro : allowInlineToOverride = false : VMs defined inline may NOT replace previous VM definitions
2015-11-19 11:47:14,668 - Velocimacro : allowInlineLocal = false : VMs defined inline will be global in scope if allowed.
2015-11-19 11:47:14,668 - Velocimacro : autoload off : VM system will not automatically reload global library macros
2015-11-19 11:47:14,668 - ResourceManager : found velocity/test.vm with loader org.apache.velocity.runtime.resource.loader.ClasspathResourceLoader
2015-11-19 13:39:24,659 - Log4JLogChute initialized using file 'velocity.log'
2015-11-19 13:39:24,675 - Initializing Velocity, Calling init()...
2015-11-19 13:39:24,675 - Starting Apache Velocity v1.7 (compiled: 2010-11-19 12:14:37)
2015-11-19 13:39:24,675 - Default Properties File: org\apache\velocity\runtime\defaults\velocity.properties
2015-11-19 13:39:24,675 - Trying to use logger class org.apache.velocity.runtime.log.AvalonLogChute
2015-11-19 13:39:24,675 - Target log system for org.apache.velocity.runtime.log.AvalonLogChute is not available (java.lang.NoClassDefFoundError: org/apache/log/format/Formatter).  Falling back to next log system...
2015-11-19 13:39:24,675 - Trying to use logger class org.apache.velocity.runtime.log.Log4JLogChute
2015-11-19 13:39:24,675 - Using logger class org.apache.velocity.runtime.log.Log4JLogChute
2015-11-19 13:39:24,675 - ResourceLoader instantiated: org.apache.velocity.runtime.resource.loader.ClasspathResourceLoader
2015-11-19 13:39:24,690 - ResourceCache: initialized (class org.apache.velocity.runtime.resource.ResourceCacheImpl) with class java.util.Collections$SynchronizedMap cache map.
2015-11-19 13:39:24,690 - Loaded System Directive: org.apache.velocity.runtime.directive.Stop
2015-11-19 13:39:24,690 - Loaded System Directive: org.apache.velocity.runtime.directive.Define
2015-11-19 13:39:24,690 - Loaded System Directive: org.apache.velocity.runtime.directive.Break
2015-11-19 13:39:24,690 - Loaded System Directive: org.apache.velocity.runtime.directive.Evaluate
2015-11-19 13:39:24,690 - Loaded System Directive: org.apache.velocity.runtime.directive.Literal
2015-11-19 13:39:24,706 - Loaded System Directive: org.apache.velocity.runtime.directive.Macro
2015-11-19 13:39:24,706 - Loaded System Directive: org.apache.velocity.runtime.directive.Parse
2015-11-19 13:39:24,706 - Loaded System Directive: org.apache.velocity.runtime.directive.Include
2015-11-19 13:39:24,706 - Loaded System Directive: org.apache.velocity.runtime.directive.Foreach
2015-11-19 13:39:24,737 - Created '20' parsers.
2015-11-19 13:39:24,753 - Velocimacro : "velocimacro.library" is not set.  Trying default library: VM_global_library.vm
2015-11-19 13:39:24,753 - Could not load resource 'VM_global_library.vm' from ResourceLoader org.apache.velocity.runtime.resource.loader.ClasspathResourceLoader: ClasspathResourceLoader Error: cannot find resource VM_global_library.vm
2015-11-19 13:39:24,753 - Velocimacro : Default library not found.
2015-11-19 13:39:24,753 - Velocimacro : allowInline = true : VMs can be defined inline in templates
2015-11-19 13:39:24,753 - Velocimacro : allowInlineToOverride = false : VMs defined inline may NOT replace previous VM definitions
2015-11-19 13:39:24,753 - Velocimacro : allowInlineLocal = false : VMs defined inline will be global in scope if allowed.
2015-11-19 13:39:24,753 - Velocimacro : autoload off : VM system will not automatically reload global library macros
2015-11-19 13:39:24,753 - ResourceManager : found velocity/test.vm with loader org.apache.velocity.runtime.resource.loader.ClasspathResourceLoader
2015-11-19 13:42:28,844 - Log4JLogChute initialized using file 'velocity.log'
2015-11-19 13:42:28,850 - Initializing Velocity, Calling init()...
2015-11-19 13:42:28,850 - Starting Apache Velocity v1.7 (compiled: 2010-11-19 12:14:37)
2015-11-19 13:42:28,850 - Default Properties File: org\apache\velocity\runtime\defaults\velocity.properties
2015-11-19 13:42:28,850 - Trying to use logger class org.apache.velocity.runtime.log.AvalonLogChute
2015-11-19 13:42:28,850 - Target log system for org.apache.velocity.runtime.log.AvalonLogChute is not available (java.lang.NoClassDefFoundError: org/apache/log/format/Formatter).  Falling back to next log system...
2015-11-19 13:42:28,850 - Trying to use logger class org.apache.velocity.runtime.log.Log4JLogChute
2015-11-19 13:42:28,850 - Using logger class org.apache.velocity.runtime.log.Log4JLogChute
2015-11-19 13:42:28,853 - ResourceLoader instantiated: org.apache.velocity.runtime.resource.loader.ClasspathResourceLoader
2015-11-19 13:42:28,867 - ResourceCache: initialized (class org.apache.velocity.runtime.resource.ResourceCacheImpl) with class java.util.Collections$SynchronizedMap cache map.
2015-11-19 13:42:28,869 - Loaded System Directive: org.apache.velocity.runtime.directive.Stop
2015-11-19 13:42:28,870 - Loaded System Directive: org.apache.velocity.runtime.directive.Define
2015-11-19 13:42:28,871 - Loaded System Directive: org.apache.velocity.runtime.directive.Break
2015-11-19 13:42:28,872 - Loaded System Directive: org.apache.velocity.runtime.directive.Evaluate
2015-11-19 13:42:28,872 - Loaded System Directive: org.apache.velocity.runtime.directive.Literal
2015-11-19 13:42:28,873 - Loaded System Directive: org.apache.velocity.runtime.directive.Macro
2015-11-19 13:42:28,893 - Loaded System Directive: org.apache.velocity.runtime.directive.Parse
2015-11-19 13:42:28,908 - Loaded System Directive: org.apache.velocity.runtime.directive.Include
2015-11-19 13:42:28,908 - Loaded System Directive: org.apache.velocity.runtime.directive.Foreach
2015-11-19 13:42:28,925 - Created '20' parsers.
2015-11-19 13:42:28,925 - Velocimacro : "velocimacro.library" is not set.  Trying default library: VM_global_library.vm
2015-11-19 13:42:28,925 - Could not load resource 'VM_global_library.vm' from ResourceLoader org.apache.velocity.runtime.resource.loader.ClasspathResourceLoader: ClasspathResourceLoader Error: cannot find resource VM_global_library.vm
2015-11-19 13:42:28,925 - Velocimacro : Default library not found.
2015-11-19 13:42:28,925 - Velocimacro : allowInline = true : VMs can be defined inline in templates
2015-11-19 13:42:28,925 - Velocimacro : allowInlineToOverride = false : VMs defined inline may NOT replace previous VM definitions
2015-11-19 13:42:28,925 - Velocimacro : allowInlineLocal = false : VMs defined inline will be global in scope if allowed.
2015-11-19 13:42:28,925 - Velocimacro : autoload off : VM system will not automatically reload global library macros
2015-11-19 13:42:28,928 - ResourceManager : found velocity/test.vm with loader org.apache.velocity.runtime.resource.loader.ClasspathResourceLoader
2015-11-19 14:00:12,158 - Log4JLogChute initialized using file 'velocity.log'
2015-11-19 14:00:12,170 - Initializing Velocity, Calling init()...
2015-11-19 14:00:12,170 - Starting Apache Velocity v1.7 (compiled: 2010-11-19 12:14:37)
2015-11-19 14:00:12,171 - Default Properties File: org\apache\velocity\runtime\defaults\velocity.properties
2015-11-19 14:00:12,171 - Trying to use logger class org.apache.velocity.runtime.log.AvalonLogChute
2015-11-19 14:00:12,171 - Target log system for org.apache.velocity.runtime.log.AvalonLogChute is not available (java.lang.NoClassDefFoundError: org/apache/log/format/Formatter).  Falling back to next log system...
2015-11-19 14:00:12,171 - Trying to use logger class org.apache.velocity.runtime.log.Log4JLogChute
2015-11-19 14:00:12,171 - Using logger class org.apache.velocity.runtime.log.Log4JLogChute
2015-11-19 14:00:12,173 - ResourceLoader instantiated: org.apache.velocity.runtime.resource.loader.ClasspathResourceLoader
2015-11-19 14:00:12,187 - ResourceCache: initialized (class org.apache.velocity.runtime.resource.ResourceCacheImpl) with class java.util.Collections$SynchronizedMap cache map.
2015-11-19 14:00:12,188 - Loaded System Directive: org.apache.velocity.runtime.directive.Stop
2015-11-19 14:00:12,190 - Loaded System Directive: org.apache.velocity.runtime.directive.Define
2015-11-19 14:00:12,190 - Loaded System Directive: org.apache.velocity.runtime.directive.Break
2015-11-19 14:00:12,191 - Loaded System Directive: org.apache.velocity.runtime.directive.Evaluate
2015-11-19 14:00:12,192 - Loaded System Directive: org.apache.velocity.runtime.directive.Literal
2015-11-19 14:00:12,197 - Loaded System Directive: org.apache.velocity.runtime.directive.Macro
2015-11-19 14:00:12,198 - Loaded System Directive: org.apache.velocity.runtime.directive.Parse
2015-11-19 14:00:12,199 - Loaded System Directive: org.apache.velocity.runtime.directive.Include
2015-11-19 14:00:12,200 - Loaded System Directive: org.apache.velocity.runtime.directive.Foreach
2015-11-19 14:00:12,230 - Created '20' parsers.
2015-11-19 14:00:12,235 - Velocimacro : "velocimacro.library" is not set.  Trying default library: VM_global_library.vm
2015-11-19 14:00:12,236 - Could not load resource 'VM_global_library.vm' from ResourceLoader org.apache.velocity.runtime.resource.loader.ClasspathResourceLoader: ClasspathResourceLoader Error: cannot find resource VM_global_library.vm
2015-11-19 14:00:12,236 - Velocimacro : Default library not found.
2015-11-19 14:00:12,236 - Velocimacro : allowInline = true : VMs can be defined inline in templates
2015-11-19 14:00:12,236 - Velocimacro : allowInlineToOverride = false : VMs defined inline may NOT replace previous VM definitions
2015-11-19 14:00:12,236 - Velocimacro : allowInlineLocal = false : VMs defined inline will be global in scope if allowed.
2015-11-19 14:00:12,236 - Velocimacro : autoload off : VM system will not automatically reload global library macros
2015-11-19 14:00:12,243 - ResourceManager : found velocity/test.vm with loader org.apache.velocity.runtime.resource.loader.ClasspathResourceLoader
2015-11-19 14:01:45,481 - Log4JLogChute initialized using file 'velocity.log'
2015-11-19 14:01:45,481 - Initializing Velocity, Calling init()...
2015-11-19 14:01:45,481 - Starting Apache Velocity v1.7 (compiled: 2010-11-19 12:14:37)
2015-11-19 14:01:45,481 - Default Properties File: org\apache\velocity\runtime\defaults\velocity.properties
2015-11-19 14:01:45,481 - Trying to use logger class org.apache.velocity.runtime.log.AvalonLogChute
2015-11-19 14:01:45,481 - Target log system for org.apache.velocity.runtime.log.AvalonLogChute is not available (java.lang.NoClassDefFoundError: org/apache/log/format/Formatter).  Falling back to next log system...
2015-11-19 14:01:45,481 - Trying to use logger class org.apache.velocity.runtime.log.Log4JLogChute
2015-11-19 14:01:45,481 - Using logger class org.apache.velocity.runtime.log.Log4JLogChute
2015-11-19 14:01:45,484 - ResourceLoader instantiated: org.apache.velocity.runtime.resource.loader.ClasspathResourceLoader
2015-11-19 14:01:45,496 - ResourceCache: initialized (class org.apache.velocity.runtime.resource.ResourceCacheImpl) with class java.util.Collections$SynchronizedMap cache map.
2015-11-19 14:01:45,498 - Loaded System Directive: org.apache.velocity.runtime.directive.Stop
2015-11-19 14:01:45,499 - Loaded System Directive: org.apache.velocity.runtime.directive.Define
2015-11-19 14:01:45,500 - Loaded System Directive: org.apache.velocity.runtime.directive.Break
2015-11-19 14:01:45,500 - Loaded System Directive: org.apache.velocity.runtime.directive.Evaluate
2015-11-19 14:01:45,501 - Loaded System Directive: org.apache.velocity.runtime.directive.Literal
2015-11-19 14:01:45,502 - Loaded System Directive: org.apache.velocity.runtime.directive.Macro
2015-11-19 14:01:45,507 - Loaded System Directive: org.apache.velocity.runtime.directive.Parse
2015-11-19 14:01:45,508 - Loaded System Directive: org.apache.velocity.runtime.directive.Include
2015-11-19 14:01:45,509 - Loaded System Directive: org.apache.velocity.runtime.directive.Foreach
2015-11-19 14:01:45,539 - Created '20' parsers.
2015-11-19 14:01:45,545 - Velocimacro : "velocimacro.library" is not set.  Trying default library: VM_global_library.vm
2015-11-19 14:01:45,546 - Could not load resource 'VM_global_library.vm' from ResourceLoader org.apache.velocity.runtime.resource.loader.ClasspathResourceLoader: ClasspathResourceLoader Error: cannot find resource VM_global_library.vm
2015-11-19 14:01:45,546 - Velocimacro : Default library not found.
2015-11-19 14:01:45,546 - Velocimacro : allowInline = true : VMs can be defined inline in templates
2015-11-19 14:01:45,546 - Velocimacro : allowInlineToOverride = false : VMs defined inline may NOT replace previous VM definitions
2015-11-19 14:01:45,546 - Velocimacro : allowInlineLocal = false : VMs defined inline will be global in scope if allowed.
2015-11-19 14:01:45,546 - Velocimacro : autoload off : VM system will not automatically reload global library macros
2015-11-19 14:01:45,555 - ResourceManager : found velocity/test.vm with loader org.apache.velocity.runtime.resource.loader.ClasspathResourceLoader
2015-11-19 14:02:27,529 - Log4JLogChute initialized using file 'velocity.log'
2015-11-19 14:02:27,530 - Initializing Velocity, Calling init()...
2015-11-19 14:02:27,530 - Starting Apache Velocity v1.7 (compiled: 2010-11-19 12:14:37)
2015-11-19 14:02:27,530 - Default Properties File: org\apache\velocity\runtime\defaults\velocity.properties
2015-11-19 14:02:27,530 - Trying to use logger class org.apache.velocity.runtime.log.AvalonLogChute
2015-11-19 14:02:27,530 - Target log system for org.apache.velocity.runtime.log.AvalonLogChute is not available (java.lang.NoClassDefFoundError: org/apache/log/format/Formatter).  Falling back to next log system...
2015-11-19 14:02:27,530 - Trying to use logger class org.apache.velocity.runtime.log.Log4JLogChute
2015-11-19 14:02:27,530 - Using logger class org.apache.velocity.runtime.log.Log4JLogChute
2015-11-19 14:02:27,532 - ResourceLoader instantiated: org.apache.velocity.runtime.resource.loader.ClasspathResourceLoader
2015-11-19 14:02:27,545 - ResourceCache: initialized (class org.apache.velocity.runtime.resource.ResourceCacheImpl) with class java.util.Collections$SynchronizedMap cache map.
2015-11-19 14:02:27,547 - Loaded System Directive: org.apache.velocity.runtime.directive.Stop
2015-11-19 14:02:27,548 - Loaded System Directive: org.apache.velocity.runtime.directive.Define
2015-11-19 14:02:27,549 - Loaded System Directive: org.apache.velocity.runtime.directive.Break
2015-11-19 14:02:27,550 - Loaded System Directive: org.apache.velocity.runtime.directive.Evaluate
2015-11-19 14:02:27,550 - Loaded System Directive: org.apache.velocity.runtime.directive.Literal
2015-11-19 14:02:27,555 - Loaded System Directive: org.apache.velocity.runtime.directive.Macro
2015-11-19 14:02:27,557 - Loaded System Directive: org.apache.velocity.runtime.directive.Parse
2015-11-19 14:02:27,558 - Loaded System Directive: org.apache.velocity.runtime.directive.Include
2015-11-19 14:02:27,559 - Loaded System Directive: org.apache.velocity.runtime.directive.Foreach
2015-11-19 14:02:27,589 - Created '20' parsers.
2015-11-19 14:02:27,594 - Velocimacro : "velocimacro.library" is not set.  Trying default library: VM_global_library.vm
2015-11-19 14:02:27,594 - Could not load resource 'VM_global_library.vm' from ResourceLoader org.apache.velocity.runtime.resource.loader.ClasspathResourceLoader: ClasspathResourceLoader Error: cannot find resource VM_global_library.vm
2015-11-19 14:02:27,594 - Velocimacro : Default library not found.
2015-11-19 14:02:27,594 - Velocimacro : allowInline = true : VMs can be defined inline in templates
2015-11-19 14:02:27,594 - Velocimacro : allowInlineToOverride = false : VMs defined inline may NOT replace previous VM definitions
2015-11-19 14:02:27,594 - Velocimacro : allowInlineLocal = false : VMs defined inline will be global in scope if allowed.
2015-11-19 14:02:27,594 - Velocimacro : autoload off : VM system will not automatically reload global library macros
2015-11-19 14:02:27,601 - ResourceManager : found velocity/test.vm with loader org.apache.velocity.runtime.resource.loader.ClasspathResourceLoader
2015-11-19 14:04:30,464 - Log4JLogChute initialized using file 'velocity.log'
2015-11-19 14:04:30,478 - Initializing Velocity, Calling init()...
2015-11-19 14:04:30,478 - Starting Apache Velocity v1.7 (compiled: 2010-11-19 12:14:37)
2015-11-19 14:04:30,478 - Default Properties File: org\apache\velocity\runtime\defaults\velocity.properties
2015-11-19 14:04:30,478 - Trying to use logger class org.apache.velocity.runtime.log.AvalonLogChute
2015-11-19 14:04:30,478 - Target log system for org.apache.velocity.runtime.log.AvalonLogChute is not available (java.lang.NoClassDefFoundError: org/apache/log/format/Formatter).  Falling back to next log system...
2015-11-19 14:04:30,478 - Trying to use logger class org.apache.velocity.runtime.log.Log4JLogChute
2015-11-19 14:04:30,478 - Using logger class org.apache.velocity.runtime.log.Log4JLogChute
2015-11-19 14:04:30,481 - ResourceLoader instantiated: org.apache.velocity.runtime.resource.loader.ClasspathResourceLoader
2015-11-19 14:04:30,495 - ResourceCache: initialized (class org.apache.velocity.runtime.resource.ResourceCacheImpl) with class java.util.Collections$SynchronizedMap cache map.
2015-11-19 14:04:30,497 - Loaded System Directive: org.apache.velocity.runtime.directive.Stop
2015-11-19 14:04:30,498 - Loaded System Directive: org.apache.velocity.runtime.directive.Define
2015-11-19 14:04:30,499 - Loaded System Directive: org.apache.velocity.runtime.directive.Break
2015-11-19 14:04:30,499 - Loaded System Directive: org.apache.velocity.runtime.directive.Evaluate
2015-11-19 14:04:30,500 - Loaded System Directive: org.apache.velocity.runtime.directive.Literal
2015-11-19 14:04:30,505 - Loaded System Directive: org.apache.velocity.runtime.directive.Macro
2015-11-19 14:04:30,506 - Loaded System Directive: org.apache.velocity.runtime.directive.Parse
2015-11-19 14:04:30,508 - Loaded System Directive: org.apache.velocity.runtime.directive.Include
2015-11-19 14:04:30,509 - Loaded System Directive: org.apache.velocity.runtime.directive.Foreach
2015-11-19 14:04:30,539 - Created '20' parsers.
2015-11-19 14:04:30,544 - Velocimacro : "velocimacro.library" is not set.  Trying default library: VM_global_library.vm
2015-11-19 14:04:30,545 - Could not load resource 'VM_global_library.vm' from ResourceLoader org.apache.velocity.runtime.resource.loader.ClasspathResourceLoader: ClasspathResourceLoader Error: cannot find resource VM_global_library.vm
2015-11-19 14:04:30,545 - Velocimacro : Default library not found.
2015-11-19 14:04:30,545 - Velocimacro : allowInline = true : VMs can be defined inline in templates
2015-11-19 14:04:30,545 - Velocimacro : allowInlineToOverride = false : VMs defined inline may NOT replace previous VM definitions
2015-11-19 14:04:30,545 - Velocimacro : allowInlineLocal = false : VMs defined inline will be global in scope if allowed.
2015-11-19 14:04:30,545 - Velocimacro : autoload off : VM system will not automatically reload global library macros
2015-11-19 14:04:30,552 - ResourceManager : found velocity/test.vm with loader org.apache.velocity.runtime.resource.loader.ClasspathResourceLoader
2015-11-19 14:31:34,243 - Log4JLogChute initialized using file 'velocity.log'
2015-11-19 14:31:34,243 - Initializing Velocity, Calling init()...
2015-11-19 14:31:34,243 - Starting Apache Velocity v1.7 (compiled: 2010-11-19 12:14:37)
2015-11-19 14:31:34,243 - Default Properties File: org\apache\velocity\runtime\defaults\velocity.properties
2015-11-19 14:31:34,243 - Trying to use logger class org.apache.velocity.runtime.log.AvalonLogChute
2015-11-19 14:31:34,243 - Target log system for org.apache.velocity.runtime.log.AvalonLogChute is not available (java.lang.NoClassDefFoundError: org/apache/log/format/Formatter).  Falling back to next log system...
2015-11-19 14:31:34,243 - Trying to use logger class org.apache.velocity.runtime.log.Log4JLogChute
2015-11-19 14:31:34,243 - Using logger class org.apache.velocity.runtime.log.Log4JLogChute
2015-11-19 14:31:34,243 - ResourceLoader instantiated: org.apache.velocity.runtime.resource.loader.ClasspathResourceLoader
2015-11-19 14:31:34,259 - ResourceCache: initialized (class org.apache.velocity.runtime.resource.ResourceCacheImpl) with class java.util.Collections$SynchronizedMap cache map.
2015-11-19 14:31:34,259 - Loaded System Directive: org.apache.velocity.runtime.directive.Stop
2015-11-19 14:31:34,259 - Loaded System Directive: org.apache.velocity.runtime.directive.Define
2015-11-19 14:31:34,259 - Loaded System Directive: org.apache.velocity.runtime.directive.Break
2015-11-19 14:31:34,259 - Loaded System Directive: org.apache.velocity.runtime.directive.Evaluate
2015-11-19 14:31:34,259 - Loaded System Directive: org.apache.velocity.runtime.directive.Literal
2015-11-19 14:31:34,274 - Loaded System Directive: org.apache.velocity.runtime.directive.Macro
2015-11-19 14:31:34,274 - Loaded System Directive: org.apache.velocity.runtime.directive.Parse
2015-11-19 14:31:34,274 - Loaded System Directive: org.apache.velocity.runtime.directive.Include
2015-11-19 14:31:34,274 - Loaded System Directive: org.apache.velocity.runtime.directive.Foreach
2015-11-19 14:31:34,306 - Created '20' parsers.
2015-11-19 14:31:34,306 - Velocimacro : "velocimacro.library" is not set.  Trying default library: VM_global_library.vm
2015-11-19 14:31:34,306 - Could not load resource 'VM_global_library.vm' from ResourceLoader org.apache.velocity.runtime.resource.loader.ClasspathResourceLoader: ClasspathResourceLoader Error: cannot find resource VM_global_library.vm
2015-11-19 14:31:34,306 - Velocimacro : Default library not found.
2015-11-19 14:31:34,306 - Velocimacro : allowInline = true : VMs can be defined inline in templates
2015-11-19 14:31:34,306 - Velocimacro : allowInlineToOverride = false : VMs defined inline may NOT replace previous VM definitions
2015-11-19 14:31:34,306 - Velocimacro : allowInlineLocal = false : VMs defined inline will be global in scope if allowed.
2015-11-19 14:31:34,306 - Velocimacro : autoload off : VM system will not automatically reload global library macros
2015-11-19 14:31:34,321 - ResourceManager : found velocity/test.vm with loader org.apache.velocity.runtime.resource.loader.ClasspathResourceLoader
2015-11-19 14:35:15,568 - Log4JLogChute initialized using file 'velocity.log'
2015-11-19 14:35:15,591 - Initializing Velocity, Calling init()...
2015-11-19 14:35:15,592 - Starting Apache Velocity v1.7 (compiled: 2010-11-19 12:14:37)
2015-11-19 14:35:15,592 - Default Properties File: org\apache\velocity\runtime\defaults\velocity.properties
2015-11-19 14:35:15,592 - Trying to use logger class org.apache.velocity.runtime.log.AvalonLogChute
2015-11-19 14:35:15,592 - Target log system for org.apache.velocity.runtime.log.AvalonLogChute is not available (java.lang.NoClassDefFoundError: org/apache/log/format/Formatter).  Falling back to next log system...
2015-11-19 14:35:15,592 - Trying to use logger class org.apache.velocity.runtime.log.Log4JLogChute
2015-11-19 14:35:15,592 - Using logger class org.apache.velocity.runtime.log.Log4JLogChute
2015-11-19 14:35:15,594 - ResourceLoader instantiated: org.apache.velocity.runtime.resource.loader.ClasspathResourceLoader
2015-11-19 14:35:15,607 - ResourceCache: initialized (class org.apache.velocity.runtime.resource.ResourceCacheImpl) with class java.util.Collections$SynchronizedMap cache map.
2015-11-19 14:35:15,609 - Loaded System Directive: org.apache.velocity.runtime.directive.Stop
2015-11-19 14:35:15,610 - Loaded System Directive: org.apache.velocity.runtime.directive.Define
2015-11-19 14:35:15,611 - Loaded System Directive: org.apache.velocity.runtime.directive.Break
2015-11-19 14:35:15,611 - Loaded System Directive: org.apache.velocity.runtime.directive.Evaluate
2015-11-19 14:35:15,612 - Loaded System Directive: org.apache.velocity.runtime.directive.Literal
2015-11-19 14:35:15,613 - Loaded System Directive: org.apache.velocity.runtime.directive.Macro
2015-11-19 14:35:15,618 - Loaded System Directive: org.apache.velocity.runtime.directive.Parse
2015-11-19 14:35:15,619 - Loaded System Directive: org.apache.velocity.runtime.directive.Include
2015-11-19 14:35:15,621 - Loaded System Directive: org.apache.velocity.runtime.directive.Foreach
2015-11-19 14:35:15,650 - Created '20' parsers.
2015-11-19 14:35:15,655 - Velocimacro : "velocimacro.library" is not set.  Trying default library: VM_global_library.vm
2015-11-19 14:35:15,655 - Could not load resource 'VM_global_library.vm' from ResourceLoader org.apache.velocity.runtime.resource.loader.ClasspathResourceLoader: ClasspathResourceLoader Error: cannot find resource VM_global_library.vm
2015-11-19 14:35:15,655 - Velocimacro : Default library not found.
2015-11-19 14:35:15,655 - Velocimacro : allowInline = true : VMs can be defined inline in templates
2015-11-19 14:35:15,655 - Velocimacro : allowInlineToOverride = false : VMs defined inline may NOT replace previous VM definitions
2015-11-19 14:35:15,655 - Velocimacro : allowInlineLocal = false : VMs defined inline will be global in scope if allowed.
2015-11-19 14:35:15,656 - Velocimacro : autoload off : VM system will not automatically reload global library macros
2015-11-19 14:35:15,663 - ResourceManager : found velocity/test.vm with loader org.apache.velocity.runtime.resource.loader.ClasspathResourceLoader
2015-11-19 14:39:10,899 - Log4JLogChute initialized using file 'velocity.log'
2015-11-19 14:39:10,920 - Initializing Velocity, Calling init()...
2015-11-19 14:39:10,920 - Starting Apache Velocity v1.7 (compiled: 2010-11-19 12:14:37)
2015-11-19 14:39:10,920 - Default Properties File: org\apache\velocity\runtime\defaults\velocity.properties
2015-11-19 14:39:10,920 - Trying to use logger class org.apache.velocity.runtime.log.AvalonLogChute
2015-11-19 14:39:10,920 - Target log system for org.apache.velocity.runtime.log.AvalonLogChute is not available (java.lang.NoClassDefFoundError: org/apache/log/format/Formatter).  Falling back to next log system...
2015-11-19 14:39:10,920 - Trying to use logger class org.apache.velocity.runtime.log.Log4JLogChute
2015-11-19 14:39:10,920 - Using logger class org.apache.velocity.runtime.log.Log4JLogChute
2015-11-19 14:39:10,923 - ResourceLoader instantiated: org.apache.velocity.runtime.resource.loader.ClasspathResourceLoader
2015-11-19 14:39:10,935 - ResourceCache: initialized (class org.apache.velocity.runtime.resource.ResourceCacheImpl) with class java.util.Collections$SynchronizedMap cache map.
2015-11-19 14:39:10,938 - Loaded System Directive: org.apache.velocity.runtime.directive.Stop
2015-11-19 14:39:10,939 - Loaded System Directive: org.apache.velocity.runtime.directive.Define
2015-11-19 14:39:10,939 - Loaded System Directive: org.apache.velocity.runtime.directive.Break
2015-11-19 14:39:10,940 - Loaded System Directive: org.apache.velocity.runtime.directive.Evaluate
2015-11-19 14:39:10,940 - Loaded System Directive: org.apache.velocity.runtime.directive.Literal
2015-11-19 14:39:10,941 - Loaded System Directive: org.apache.velocity.runtime.directive.Macro
2015-11-19 14:39:10,946 - Loaded System Directive: org.apache.velocity.runtime.directive.Parse
2015-11-19 14:39:10,947 - Loaded System Directive: org.apache.velocity.runtime.directive.Include
2015-11-19 14:39:10,948 - Loaded System Directive: org.apache.velocity.runtime.directive.Foreach
2015-11-19 14:39:10,978 - Created '20' parsers.
2015-11-19 14:39:10,983 - Velocimacro : "velocimacro.library" is not set.  Trying default library: VM_global_library.vm
2015-11-19 14:39:10,983 - Could not load resource 'VM_global_library.vm' from ResourceLoader org.apache.velocity.runtime.resource.loader.ClasspathResourceLoader: ClasspathResourceLoader Error: cannot find resource VM_global_library.vm
2015-11-19 14:39:10,983 - Velocimacro : Default library not found.
2015-11-19 14:39:10,983 - Velocimacro : allowInline = true : VMs can be defined inline in templates
2015-11-19 14:39:10,983 - Velocimacro : allowInlineToOverride = false : VMs defined inline may NOT replace previous VM definitions
2015-11-19 14:39:10,983 - Velocimacro : allowInlineLocal = false : VMs defined inline will be global in scope if allowed.
2015-11-19 14:39:10,983 - Velocimacro : autoload off : VM system will not automatically reload global library macros
2015-11-19 14:39:10,990 - ResourceManager : found velocity/test.vm with loader org.apache.velocity.runtime.resource.loader.ClasspathResourceLoader
2015-11-19 14:45:25,990 - Log4JLogChute initialized using file 'velocity.log'
2015-11-19 14:45:26,009 - Initializing Velocity, Calling init()...
2015-11-19 14:45:26,010 - Starting Apache Velocity v1.7 (compiled: 2010-11-19 12:14:37)
2015-11-19 14:45:26,010 - Default Properties File: org\apache\velocity\runtime\defaults\velocity.properties
2015-11-19 14:45:26,010 - Trying to use logger class org.apache.velocity.runtime.log.AvalonLogChute
2015-11-19 14:45:26,010 - Target log system for org.apache.velocity.runtime.log.AvalonLogChute is not available (java.lang.NoClassDefFoundError: org/apache/log/format/Formatter).  Falling back to next log system...
2015-11-19 14:45:26,010 - Trying to use logger class org.apache.velocity.runtime.log.Log4JLogChute
2015-11-19 14:45:26,010 - Using logger class org.apache.velocity.runtime.log.Log4JLogChute
2015-11-19 14:45:26,013 - ResourceLoader instantiated: org.apache.velocity.runtime.resource.loader.ClasspathResourceLoader
2015-11-19 14:45:26,026 - ResourceCache: initialized (class org.apache.velocity.runtime.resource.ResourceCacheImpl) with class java.util.Collections$SynchronizedMap cache map.
2015-11-19 14:45:26,028 - Loaded System Directive: org.apache.velocity.runtime.directive.Stop
2015-11-19 14:45:26,029 - Loaded System Directive: org.apache.velocity.runtime.directive.Define
2015-11-19 14:45:26,029 - Loaded System Directive: org.apache.velocity.runtime.directive.Break
2015-11-19 14:45:26,030 - Loaded System Directive: org.apache.velocity.runtime.directive.Evaluate
2015-11-19 14:45:26,031 - Loaded System Directive: org.apache.velocity.runtime.directive.Literal
2015-11-19 14:45:26,036 - Loaded System Directive: org.apache.velocity.runtime.directive.Macro
2015-11-19 14:45:26,037 - Loaded System Directive: org.apache.velocity.runtime.directive.Parse
2015-11-19 14:45:26,038 - Loaded System Directive: org.apache.velocity.runtime.directive.Include
2015-11-19 14:45:26,039 - Loaded System Directive: org.apache.velocity.runtime.directive.Foreach
2015-11-19 14:45:26,068 - Created '20' parsers.
2015-11-19 14:45:26,073 - Velocimacro : "velocimacro.library" is not set.  Trying default library: VM_global_library.vm
2015-11-19 14:45:26,073 - Could not load resource 'VM_global_library.vm' from ResourceLoader org.apache.velocity.runtime.resource.loader.ClasspathResourceLoader: ClasspathResourceLoader Error: cannot find resource VM_global_library.vm
2015-11-19 14:45:26,074 - Velocimacro : Default library not found.
2015-11-19 14:45:26,074 - Velocimacro : allowInline = true : VMs can be defined inline in templates
2015-11-19 14:45:26,074 - Velocimacro : allowInlineToOverride = false : VMs defined inline may NOT replace previous VM definitions
2015-11-19 14:45:26,074 - Velocimacro : allowInlineLocal = false : VMs defined inline will be global in scope if allowed.
2015-11-19 14:45:26,074 - Velocimacro : autoload off : VM system will not automatically reload global library macros
2015-11-19 14:45:26,081 - ResourceManager : found velocity/test.vm with loader org.apache.velocity.runtime.resource.loader.ClasspathResourceLoader
2015-11-19 15:02:15,814 - Log4JLogChute initialized using file 'velocity.log'
2015-11-19 15:02:15,862 - Initializing Velocity, Calling init()...
2015-11-19 15:02:15,862 - Starting Apache Velocity v1.7 (compiled: 2010-11-19 12:14:37)
2015-11-19 15:02:15,862 - Default Properties File: org\apache\velocity\runtime\defaults\velocity.properties
2015-11-19 15:02:15,862 - Trying to use logger class org.apache.velocity.runtime.log.AvalonLogChute
2015-11-19 15:02:15,862 - Target log system for org.apache.velocity.runtime.log.AvalonLogChute is not available (java.lang.NoClassDefFoundError: org/apache/log/format/Formatter).  Falling back to next log system...
2015-11-19 15:02:15,862 - Trying to use logger class org.apache.velocity.runtime.log.Log4JLogChute
2015-11-19 15:02:15,862 - Using logger class org.apache.velocity.runtime.log.Log4JLogChute
2015-11-19 15:02:15,862 - ResourceLoader instantiated: org.apache.velocity.runtime.resource.loader.ClasspathResourceLoader
2015-11-19 15:02:15,863 - ResourceCache: initialized (class org.apache.velocity.runtime.resource.ResourceCacheImpl) with class java.util.Collections$SynchronizedMap cache map.
2015-11-19 15:02:15,863 - Loaded System Directive: org.apache.velocity.runtime.directive.Stop
2015-11-19 15:02:15,863 - Loaded System Directive: org.apache.velocity.runtime.directive.Define
2015-11-19 15:02:15,863 - Loaded System Directive: org.apache.velocity.runtime.directive.Break
2015-11-19 15:02:15,863 - Loaded System Directive: org.apache.velocity.runtime.directive.Evaluate
2015-11-19 15:02:15,863 - Loaded System Directive: org.apache.velocity.runtime.directive.Literal
2015-11-19 15:02:15,863 - Loaded System Directive: org.apache.velocity.runtime.directive.Macro
2015-11-19 15:02:15,867 - Loaded System Directive: org.apache.velocity.runtime.directive.Parse
2015-11-19 15:02:15,869 - Loaded System Directive: org.apache.velocity.runtime.directive.Include
2015-11-19 15:02:15,870 - Loaded System Directive: org.apache.velocity.runtime.directive.Foreach
2015-11-19 15:02:15,924 - Created '20' parsers.
2015-11-19 15:02:15,924 - Velocimacro : "velocimacro.library" is not set.  Trying default library: VM_global_library.vm
2015-11-19 15:02:15,924 - Could not load resource 'VM_global_library.vm' from ResourceLoader org.apache.velocity.runtime.resource.loader.ClasspathResourceLoader: ClasspathResourceLoader Error: cannot find resource VM_global_library.vm
2015-11-19 15:02:15,924 - Velocimacro : Default library not found.
2015-11-19 15:02:15,924 - Velocimacro : allowInline = true : VMs can be defined inline in templates
2015-11-19 15:02:15,924 - Velocimacro : allowInlineToOverride = false : VMs defined inline may NOT replace previous VM definitions
2015-11-19 15:02:15,924 - Velocimacro : allowInlineLocal = false : VMs defined inline will be global in scope if allowed.
2015-11-19 15:02:15,924 - Velocimacro : autoload off : VM system will not automatically reload global library macros
2015-11-19 15:02:15,925 - ResourceManager : found velocity/test.vm with loader org.apache.velocity.runtime.resource.loader.ClasspathResourceLoader
2015-11-19 15:37:09,775 - Log4JLogChute initialized using file 'velocity.log'
2015-11-19 15:37:09,775 - Initializing Velocity, Calling init()...
2015-11-19 15:37:09,775 - Starting Apache Velocity v1.7 (compiled: 2010-11-19 12:14:37)
2015-11-19 15:37:09,775 - Default Properties File: org\apache\velocity\runtime\defaults\velocity.properties
2015-11-19 15:37:09,775 - Trying to use logger class org.apache.velocity.runtime.log.AvalonLogChute
2015-11-19 15:37:09,775 - Target log system for org.apache.velocity.runtime.log.AvalonLogChute is not available (java.lang.NoClassDefFoundError: org/apache/log/format/Formatter).  Falling back to next log system...
2015-11-19 15:37:09,775 - Trying to use logger class org.apache.velocity.runtime.log.Log4JLogChute
2015-11-19 15:37:09,775 - Using logger class org.apache.velocity.runtime.log.Log4JLogChute
2015-11-19 15:37:09,778 - ResourceLoader instantiated: org.apache.velocity.runtime.resource.loader.ClasspathResourceLoader
2015-11-19 15:37:09,791 - ResourceCache: initialized (class org.apache.velocity.runtime.resource.ResourceCacheImpl) with class java.util.Collections$SynchronizedMap cache map.
2015-11-19 15:37:09,793 - Loaded System Directive: org.apache.velocity.runtime.directive.Stop
2015-11-19 15:37:09,794 - Loaded System Directive: org.apache.velocity.runtime.directive.Define
2015-11-19 15:37:09,794 - Loaded System Directive: org.apache.velocity.runtime.directive.Break
2015-11-19 15:37:09,795 - Loaded System Directive: org.apache.velocity.runtime.directive.Evaluate
2015-11-19 15:37:09,796 - Loaded System Directive: org.apache.velocity.runtime.directive.Literal
2015-11-19 15:37:09,797 - Loaded System Directive: org.apache.velocity.runtime.directive.Macro
2015-11-19 15:37:09,802 - Loaded System Directive: org.apache.velocity.runtime.directive.Parse
2015-11-19 15:37:09,803 - Loaded System Directive: org.apache.velocity.runtime.directive.Include
2015-11-19 15:37:09,804 - Loaded System Directive: org.apache.velocity.runtime.directive.Foreach
2015-11-19 15:37:09,833 - Created '20' parsers.
2015-11-19 15:37:09,838 - Velocimacro : "velocimacro.library" is not set.  Trying default library: VM_global_library.vm
2015-11-19 15:37:09,839 - Could not load resource 'VM_global_library.vm' from ResourceLoader org.apache.velocity.runtime.resource.loader.ClasspathResourceLoader: ClasspathResourceLoader Error: cannot find resource VM_global_library.vm
2015-11-19 15:37:09,839 - Velocimacro : Default library not found.
2015-11-19 15:37:09,839 - Velocimacro : allowInline = true : VMs can be defined inline in templates
2015-11-19 15:37:09,839 - Velocimacro : allowInlineToOverride = false : VMs defined inline may NOT replace previous VM definitions
2015-11-19 15:37:09,839 - Velocimacro : allowInlineLocal = false : VMs defined inline will be global in scope if allowed.
2015-11-19 15:37:09,839 - Velocimacro : autoload off : VM system will not automatically reload global library macros
2015-11-19 15:37:09,846 - ResourceManager : found velocity/test.vm with loader org.apache.velocity.runtime.resource.loader.ClasspathResourceLoader
2015-11-19 15:39:25,633 - Log4JLogChute initialized using file 'velocity.log'
2015-11-19 15:39:25,634 - Initializing Velocity, Calling init()...
2015-11-19 15:39:25,634 - Starting Apache Velocity v1.7 (compiled: 2010-11-19 12:14:37)
2015-11-19 15:39:25,634 - Default Properties File: org\apache\velocity\runtime\defaults\velocity.properties
2015-11-19 15:39:25,634 - Trying to use logger class org.apache.velocity.runtime.log.AvalonLogChute
2015-11-19 15:39:25,634 - Target log system for org.apache.velocity.runtime.log.AvalonLogChute is not available (java.lang.NoClassDefFoundError: org/apache/log/format/Formatter).  Falling back to next log system...
2015-11-19 15:39:25,634 - Trying to use logger class org.apache.velocity.runtime.log.Log4JLogChute
2015-11-19 15:39:25,634 - Using logger class org.apache.velocity.runtime.log.Log4JLogChute
2015-11-19 15:39:25,636 - ResourceLoader instantiated: org.apache.velocity.runtime.resource.loader.ClasspathResourceLoader
2015-11-19 15:39:25,649 - ResourceCache: initialized (class org.apache.velocity.runtime.resource.ResourceCacheImpl) with class java.util.Collections$SynchronizedMap cache map.
2015-11-19 15:39:25,651 - Loaded System Directive: org.apache.velocity.runtime.directive.Stop
2015-11-19 15:39:25,652 - Loaded System Directive: org.apache.velocity.runtime.directive.Define
2015-11-19 15:39:25,652 - Loaded System Directive: org.apache.velocity.runtime.directive.Break
2015-11-19 15:39:25,653 - Loaded System Directive: org.apache.velocity.runtime.directive.Evaluate
2015-11-19 15:39:25,653 - Loaded System Directive: org.apache.velocity.runtime.directive.Literal
2015-11-19 15:39:25,654 - Loaded System Directive: org.apache.velocity.runtime.directive.Macro
2015-11-19 15:39:25,660 - Loaded System Directive: org.apache.velocity.runtime.directive.Parse
2015-11-19 15:39:25,661 - Loaded System Directive: org.apache.velocity.runtime.directive.Include
2015-11-19 15:39:25,662 - Loaded System Directive: org.apache.velocity.runtime.directive.Foreach
2015-11-19 15:39:25,690 - Created '20' parsers.
2015-11-19 15:39:25,695 - Velocimacro : "velocimacro.library" is not set.  Trying default library: VM_global_library.vm
2015-11-19 15:39:25,695 - Could not load resource 'VM_global_library.vm' from ResourceLoader org.apache.velocity.runtime.resource.loader.ClasspathResourceLoader: ClasspathResourceLoader Error: cannot find resource VM_global_library.vm
2015-11-19 15:39:25,696 - Velocimacro : Default library not found.
2015-11-19 15:39:25,696 - Velocimacro : allowInline = true : VMs can be defined inline in templates
2015-11-19 15:39:25,696 - Velocimacro : allowInlineToOverride = false : VMs defined inline may NOT replace previous VM definitions
2015-11-19 15:39:25,696 - Velocimacro : allowInlineLocal = false : VMs defined inline will be global in scope if allowed.
2015-11-19 15:39:25,696 - Velocimacro : autoload off : VM system will not automatically reload global library macros
2015-11-19 15:39:25,703 - ResourceManager : found velocity/test.vm with loader org.apache.velocity.runtime.resource.loader.ClasspathResourceLoader
2015-12-08 09:18:07,802 - Log4JLogChute initialized using file 'velocity.log'
2015-12-08 09:18:07,802 - Initializing Velocity, Calling init()...
2015-12-08 09:18:07,802 - Starting Apache Velocity v1.7 (compiled: 2010-11-19 12:14:37)
2015-12-08 09:18:07,802 - Default Properties File: org\apache\velocity\runtime\defaults\velocity.properties
2015-12-08 09:18:07,802 - Trying to use logger class org.apache.velocity.runtime.log.AvalonLogChute
2015-12-08 09:18:07,802 - Target log system for org.apache.velocity.runtime.log.AvalonLogChute is not available (java.lang.NoClassDefFoundError: org/apache/log/format/Formatter).  Falling back to next log system...
2015-12-08 09:18:07,802 - Trying to use logger class org.apache.velocity.runtime.log.Log4JLogChute
2015-12-08 09:18:07,802 - Using logger class org.apache.velocity.runtime.log.Log4JLogChute
2015-12-08 09:18:07,802 - ResourceLoader instantiated: org.apache.velocity.runtime.resource.loader.ClasspathResourceLoader
2015-12-08 09:18:07,817 - ResourceCache: initialized (class org.apache.velocity.runtime.resource.ResourceCacheImpl) with class java.util.Collections$SynchronizedMap cache map.
2015-12-08 09:18:07,817 - Loaded System Directive: org.apache.velocity.runtime.directive.Stop
2015-12-08 09:18:07,817 - Loaded System Directive: org.apache.velocity.runtime.directive.Define
2015-12-08 09:18:07,817 - Loaded System Directive: org.apache.velocity.runtime.directive.Break
2015-12-08 09:18:07,817 - Loaded System Directive: org.apache.velocity.runtime.directive.Evaluate
2015-12-08 09:18:07,817 - Loaded System Directive: org.apache.velocity.runtime.directive.Literal
2015-12-08 09:18:07,817 - Loaded System Directive: org.apache.velocity.runtime.directive.Macro
2015-12-08 09:18:07,817 - Loaded System Directive: org.apache.velocity.runtime.directive.Parse
2015-12-08 09:18:07,817 - Loaded System Directive: org.apache.velocity.runtime.directive.Include
2015-12-08 09:18:07,817 - Loaded System Directive: org.apache.velocity.runtime.directive.Foreach
2015-12-08 09:18:07,849 - Created '20' parsers.
2015-12-08 09:18:07,864 - Velocimacro : "velocimacro.library" is not set.  Trying default library: VM_global_library.vm
2015-12-08 09:18:07,864 - Could not load resource 'VM_global_library.vm' from ResourceLoader org.apache.velocity.runtime.resource.loader.ClasspathResourceLoader: ClasspathResourceLoader Error: cannot find resource VM_global_library.vm
2015-12-08 09:18:07,864 - Velocimacro : Default library not found.
2015-12-08 09:18:07,864 - Velocimacro : allowInline = true : VMs can be defined inline in templates
2015-12-08 09:18:07,864 - Velocimacro : allowInlineToOverride = false : VMs defined inline may NOT replace previous VM definitions
2015-12-08 09:18:07,864 - Velocimacro : allowInlineLocal = false : VMs defined inline will be global in scope if allowed.
2015-12-08 09:18:07,864 - Velocimacro : autoload off : VM system will not automatically reload global library macros
2015-12-08 09:18:07,864 - ResourceManager : found velocity/test.vm with loader org.apache.velocity.runtime.resource.loader.ClasspathResourceLoader
